03:54:42 **** Incremental Build of configuration Debug for project _0-stm32f4xx_drivers ****
make -j4 all 
arm-none-eabi-gcc "../drivers/src/stm32f4xx_gpio_driver.c" -mcpu=cortex-m4 -std=gnu11 -g3 -DDEBUG -DSTM32 -DSTM32F4 -DSTM32F407VGTx -c -I"D:/Main_Files/TEST-STM/_0-stm32f4xx_drivers/drivers/inc" -I../Inc -O0 -ffunction-sections -fdata-sections -Wall -fstack-usage -MMD -MP -MF"drivers/src/stm32f4xx_gpio_driver.d" -MT"drivers/src/stm32f4xx_gpio_driver.o" --specs=nano.specs -mfpu=fpv4-sp-d16 -mfloat-abi=hard -mthumb -o "drivers/src/stm32f4xx_gpio_driver.o"
arm-none-eabi-gcc "../drivers/src/stm32f4xx_spi_driver.c" -mcpu=cortex-m4 -std=gnu11 -g3 -DDEBUG -DSTM32 -DSTM32F4 -DSTM32F407VGTx -c -I"D:/Main_Files/TEST-STM/_0-stm32f4xx_drivers/drivers/inc" -I../Inc -O0 -ffunction-sections -fdata-sections -Wall -fstack-usage -MMD -MP -MF"drivers/src/stm32f4xx_spi_driver.d" -MT"drivers/src/stm32f4xx_spi_driver.o" --specs=nano.specs -mfpu=fpv4-sp-d16 -mfloat-abi=hard -mthumb -o "drivers/src/stm32f4xx_spi_driver.o"
arm-none-eabi-gcc "../Src/main.c" -mcpu=cortex-m4 -std=gnu11 -g3 -DDEBUG -DSTM32 -DSTM32F4 -DSTM32F407VGTx -c -I"D:/Main_Files/TEST-STM/_0-stm32f4xx_drivers/drivers/inc" -I../Inc -O0 -ffunction-sections -fdata-sections -Wall -fstack-usage -MMD -MP -MF"Src/main.d" -MT"Src/main.o" --specs=nano.specs -mfpu=fpv4-sp-d16 -mfloat-abi=hard -mthumb -o "Src/main.o"
arm-none-eabi-gcc "../Src/syscalls.c" -mcpu=cortex-m4 -std=gnu11 -g3 -DDEBUG -DSTM32 -DSTM32F4 -DSTM32F407VGTx -c -I"D:/Main_Files/TEST-STM/_0-stm32f4xx_drivers/drivers/inc" -I../Inc -O0 -ffunction-sections -fdata-sections -Wall -fstack-usage -MMD -MP -MF"Src/syscalls.d" -MT"Src/syscalls.o" --specs=nano.specs -mfpu=fpv4-sp-d16 -mfloat-abi=hard -mthumb -o "Src/syscalls.o"
In file included from ../drivers/src/stm32f4xx_spi_driver.c:8:
D:/Main_Files/TEST-STM/_0-stm32f4xx_drivers/drivers/inc/stm32f4xx_spi_driver.h:32:2: error: unknown type name 'SPI_RegDef_t'
   32 |  SPI_RegDef_t  *pSPIx;   /*!< This holds the base address of SPIx(x:0,1,2) peripheral >*/
      |  ^~~~~~~~~~~~
D:/Main_Files/TEST-STM/_0-stm32f4xx_drivers/drivers/inc/stm32f4xx_spi_driver.h:120:27: error: unknown type name 'SPI_RegDef_t'; did you mean 'GPIO_RegDef_t'?
  120 | void SPI_PeriClockControl(SPI_RegDef_t *pSPIx, uint8_t EnorDi);
      |                           ^~~~~~~~~~~~
      |                           GPIO_RegDef_t
D:/Main_Files/TEST-STM/_0-stm32f4xx_drivers/drivers/inc/stm32f4xx_spi_driver.h:126:17: error: unknown type name 'SPI_RegDef_t'; did you mean 'GPIO_RegDef_t'?
  126 | void SPI_DeInit(SPI_RegDef_t *pSPIx);
      |                 ^~~~~~~~~~~~
      |                 GPIO_RegDef_t
D:/Main_Files/TEST-STM/_0-stm32f4xx_drivers/drivers/inc/stm32f4xx_spi_driver.h:131:19: error: unknown type name 'SPI_RegDef_t'; did you mean 'GPIO_RegDef_t'?
  131 | void SPI_SendData(SPI_RegDef_t *pSPIx,uint8_t *pTxBuffer, uint32_t Len);
      |                   ^~~~~~~~~~~~
      |                   GPIO_RegDef_t
D:/Main_Files/TEST-STM/_0-stm32f4xx_drivers/drivers/inc/stm32f4xx_spi_driver.h:132:22: error: unknown type name 'SPI_RegDef_t'; did you mean 'GPIO_RegDef_t'?
  132 | void SPI_ReceiveData(SPI_RegDef_t *pSPIx, uint8_t *pRxBuffer, uint32_t Len);
      |                      ^~~~~~~~~~~~
      |                      GPIO_RegDef_t
D:/Main_Files/TEST-STM/_0-stm32f4xx_drivers/drivers/inc/stm32f4xx_spi_driver.h:147:28: error: unknown type name 'SPI_RegDef_t'; did you mean 'GPIO_RegDef_t'?
  147 | void SPI_PeripheralControl(SPI_RegDef_t *pSPIx, uint8_t EnOrDi);
      |                            ^~~~~~~~~~~~
      |                            GPIO_RegDef_t
D:/Main_Files/TEST-STM/_0-stm32f4xx_drivers/drivers/inc/stm32f4xx_spi_driver.h:148:20: error: unknown type name 'SPI_RegDef_t'; did you mean 'GPIO_RegDef_t'?
  148 | void SPI_SSIConfig(SPI_RegDef_t *pSPIx, uint8_t EnOrDi);
      |                    ^~~~~~~~~~~~
      |                    GPIO_RegDef_t
D:/Main_Files/TEST-STM/_0-stm32f4xx_drivers/drivers/inc/stm32f4xx_spi_driver.h:149:21: error: unknown type name 'SPI_RegDef_t'; did you mean 'GPIO_RegDef_t'?
  149 | void SPI_SSOEConfig(SPI_RegDef_t *pSPIx, uint8_t EnOrDi);
      |                     ^~~~~~~~~~~~
      |                     GPIO_RegDef_t
D:/Main_Files/TEST-STM/_0-stm32f4xx_drivers/drivers/inc/stm32f4xx_spi_driver.h:150:27: error: unknown type name 'SPI_RegDef_t'; did you mean 'GPIO_RegDef_t'?
  150 | uint8_t SPI_GetFlagStatus(SPI_RegDef_t *pSPIx , uint32_t FlagName);
      |                           ^~~~~~~~~~~~
      |                           GPIO_RegDef_t
D:/Main_Files/TEST-STM/_0-stm32f4xx_drivers/drivers/inc/stm32f4xx_spi_driver.h:151:23: error: unknown type name 'SPI_RegDef_t'; did you mean 'GPIO_RegDef_t'?
  151 | void SPI_ClearOVRFlag(SPI_RegDef_t *pSPIx);
      |                       ^~~~~~~~~~~~
      |                       GPIO_RegDef_t
D:/Main_Files/TEST-STM/_0-stm32f4xx_drivers/drivers/inc/stm32f4xx_spi_driver.h:154:24: error: unknown type name 'I2C_RegDef_t'; did you mean 'RCC_RegDef_t'?
  154 | uint8_t I2C_DeviceMode(I2C_RegDef_t *I2Cx);
      |                        ^~~~~~~~~~~~
      |                        RCC_RegDef_t
../drivers/src/stm32f4xx_spi_driver.c:28:27: error: unknown type name 'SPI_RegDef_t'; did you mean 'GPIO_RegDef_t'?
   28 | void SPI_PeriClockControl(SPI_RegDef_t *pSPIx, uint8_t EnorDi) {
      |                           ^~~~~~~~~~~~
      |                           GPIO_RegDef_t
../drivers/src/stm32f4xx_spi_driver.c: In function 'SPI_Init':
../drivers/src/stm32f4xx_spi_driver.c:65:2: warning: implicit declaration of function 'SPI_PeriClockControl' [-Wimplicit-function-declaration]
   65 |  SPI_PeriClockControl(pSPIHandle->pSPIx, ENABLE);
      |  ^~~~~~~~~~~~~~~~~~~~
../drivers/src/stm32f4xx_spi_driver.c:72:53: error: 'SPI_CR1_MSTR' undeclared (first use in this function)
   72 |  tempreg |= pSPIHandle->SPIConfig.SPI_DeviceMode << SPI_CR1_MSTR ;
      |                                                     ^~~~~~~~~~~~
../drivers/src/stm32f4xx_spi_driver.c:72:53: note: each undeclared identifier is reported only once for each function it appears in
../drivers/src/stm32f4xx_spi_driver.c:78:22: error: 'SPI_CR1_BIDIMODE' undeclared (first use in this function)
   78 |   tempreg &= ~( 1 << SPI_CR1_BIDIMODE);
      |                      ^~~~~~~~~~~~~~~~
../drivers/src/stm32f4xx_spi_driver.c:89:21: error: 'SPI_CR1_RXONLY' undeclared (first use in this function)
   89 |   tempreg |= ( 1 << SPI_CR1_RXONLY);
      |                     ^~~~~~~~~~~~~~
../drivers/src/stm32f4xx_spi_driver.c:93:52: error: 'SPI_CR1_BR' undeclared (first use in this function)
   93 |  tempreg |= pSPIHandle->SPIConfig.SPI_SclkSpeed << SPI_CR1_BR;
      |                                                    ^~~~~~~~~~
../drivers/src/stm32f4xx_spi_driver.c:96:46: error: 'SPI_CR1_DFF' undeclared (first use in this function)
   96 |  tempreg |= pSPIHandle->SPIConfig.SPI_DFF << SPI_CR1_DFF;
      |                                              ^~~~~~~~~~~
../drivers/src/stm32f4xx_spi_driver.c:99:47: error: 'SPI_CR1_CPOL' undeclared (first use in this function)
   99 |  tempreg |= pSPIHandle->SPIConfig.SPI_CPOL << SPI_CR1_CPOL;
      |                                               ^~~~~~~~~~~~
../drivers/src/stm32f4xx_spi_driver.c:102:47: error: 'SPI_CR1_CPHA' undeclared (first use in this function)
  102 |  tempreg |= pSPIHandle->SPIConfig.SPI_CPHA << SPI_CR1_CPHA;
      |                                               ^~~~~~~~~~~~
In file included from D:/Main_Files/TEST-STM/_0-stm32f4xx_drivers/drivers/inc/stm32f4xx_gpio_driver.h:11,
                 from ../drivers/src/stm32f4xx_gpio_driver.c:9:
../drivers/src/stm32f4xx_gpio_driver.c: In function 'GPIO_Init':
D:/Main_Files/TEST-STM/_0-stm32f4xx_drivers/drivers/inc/stm32f4xx.h:149:19: error: 'EXTI_RegDef_t' undeclared (first use in this function); did you mean 'RCC_RegDef_t'?
  149 | #define EXTI    ((EXTI_RegDef_t*)EXTI_BASEADDR)
      |                   ^~~~~~~~~~~~~
../drivers/src/stm32f4xx_gpio_driver.c:106:4: note: in expansion of macro 'EXTI'
  106 |    EXTI->FTSR |= ( 1 << pGPIOHandle->GPIO_PinConfig.GPIO_PinNumber);
      |    ^~~~
D:/Main_Files/TEST-STM/_0-stm32f4xx_drivers/drivers/inc/stm32f4xx.h:149:19: note: each undeclared identifier is reported only once for each function it appears in
  149 | #define EXTI    ((EXTI_RegDef_t*)EXTI_BASEADDR)
      |                   ^~~~~~~~~~~~~
../drivers/src/stm32f4xx_gpio_driver.c:106:4: note: in expansion of macro 'EXTI'
  106 |    EXTI->FTSR |= ( 1 << pGPIOHandle->GPIO_PinConfig.GPIO_PinNumber);
      |    ^~~~
D:/Main_Files/TEST-STM/_0-stm32f4xx_drivers/drivers/inc/stm32f4xx.h:149:33: error: expected expression before ')' token
  149 | #define EXTI    ((EXTI_RegDef_t*)EXTI_BASEADDR)
      |                                 ^
../drivers/src/stm32f4xx_gpio_driver.c:106:4: note: in expansion of macro 'EXTI'
  106 |    EXTI->FTSR |= ( 1 << pGPIOHandle->GPIO_PinConfig.GPIO_PinNumber);
      |    ^~~~
D:/Main_Files/TEST-STM/_0-stm32f4xx_drivers/drivers/inc/stm32f4xx.h:149:33: error: expected expression before ')' token
  149 | #define EXTI    ((EXTI_RegDef_t*)EXTI_BASEADDR)
      |                                 ^
../drivers/src/stm32f4xx_gpio_driver.c:108:4: note: in expansion of macro 'EXTI'
  108 |    EXTI->RTSR &= ~( 1 << pGPIOHandle->GPIO_PinConfig.GPIO_PinNumber);
      |    ^~~~
D:/Main_Files/TEST-STM/_0-stm32f4xx_drivers/drivers/inc/stm32f4xx.h:149:33: error: expected expression before ')' token
  149 | #define EXTI    ((EXTI_RegDef_t*)EXTI_BASEADDR)
      |                                 ^
../drivers/src/stm32f4xx_gpio_driver.c:113:4: note: in expansion of macro 'EXTI'
  113 |    EXTI->RTSR |= ( 1 << pGPIOHandle->GPIO_PinConfig.GPIO_PinNumber);
      |    ^~~~
D:/Main_Files/TEST-STM/_0-stm32f4xx_drivers/drivers/inc/stm32f4xx.h:149:33: error: expected expression before ')' token
  149 | #define EXTI    ((EXTI_RegDef_t*)EXTI_BASEADDR)
      |                                 ^
../drivers/src/stm32f4xx_gpio_driver.c:115:4: note: in expansion of macro 'EXTI'
  115 |    EXTI->FTSR &= ~( 1 << pGPIOHandle->GPIO_PinConfig.GPIO_PinNumber);
      |    ^~~~
D:/Main_Files/TEST-STM/_0-stm32f4xx_drivers/drivers/inc/stm32f4xx.h:149:33: error: expected expression before ')' token
  149 | #define EXTI    ((EXTI_RegDef_t*)EXTI_BASEADDR)
      |                                 ^
../drivers/src/stm32f4xx_gpio_driver.c:120:4: note: in expansion of macro 'EXTI'
  120 |    EXTI->RTSR |= ( 1 << pGPIOHandle->GPIO_PinConfig.GPIO_PinNumber);
      |    ^~~~
D:/Main_Files/TEST-STM/_0-stm32f4xx_drivers/drivers/inc/stm32f4xx.h:149:33: error: expected expression before ')' token
  149 | #define EXTI    ((EXTI_RegDef_t*)EXTI_BASEADDR)
      |                                 ^
../drivers/src/stm32f4xx_gpio_driver.c:122:4: note: in expansion of macro 'EXTI'
  122 |    EXTI->FTSR |= ( 1 << pGPIOHandle->GPIO_PinConfig.GPIO_PinNumber);
      |    ^~~~
../drivers/src/stm32f4xx_gpio_driver.c:128:22: warning: implicit declaration of function 'GPIO_BASEADDR_TO_CODE' [-Wimplicit-function-declaration]
  128 |   uint8_t portcode = GPIO_BASEADDR_TO_CODE(pGPIOHandle->pGPIOx);
      |                      ^~~~~~~~~~~~~~~~~~~~~
In file included from D:/Main_Files/TEST-STM/_0-stm32f4xx_drivers/drivers/inc/stm32f4xx_gpio_driver.h:11,
                 from ../drivers/src/stm32f4xx_gpio_driver.c:9:
D:/Main_Files/TEST-STM/_0-stm32f4xx_drivers/drivers/inc/stm32f4xx.h:150:21: error: 'SYSCFG_RegDef_t' undeclared (first use in this function); did you mean 'RCC_RegDef_t'?
  150 | #define SYSCFG    ((SYSCFG_RegDef_t*)SYSCFG_BASEADDR)
      |                     ^~~~~~~~~~~~~~~
../drivers/src/stm32f4xx_gpio_driver.c:130:3: note: in expansion of macro 'SYSCFG'
  130 |   SYSCFG->EXTICR[temp1] = portcode << ( temp2 * 4);
      |   ^~~~~~
D:/Main_Files/TEST-STM/_0-stm32f4xx_drivers/drivers/inc/stm32f4xx.h:150:37: error: expected expression before ')' token
  150 | #define SYSCFG    ((SYSCFG_RegDef_t*)SYSCFG_BASEADDR)
      |                                     ^
../drivers/src/stm32f4xx_gpio_driver.c:130:3: note: in expansion of macro 'SYSCFG'
  130 |   SYSCFG->EXTICR[temp1] = portcode << ( temp2 * 4);
      |   ^~~~~~
D:/Main_Files/TEST-STM/_0-stm32f4xx_drivers/drivers/inc/stm32f4xx.h:149:33: error: expected expression before ')' token
  149 | #define EXTI    ((EXTI_RegDef_t*)EXTI_BASEADDR)
      |                                 ^
../drivers/src/stm32f4xx_gpio_driver.c:133:3: note: in expansion of macro 'EXTI'
  133 |   EXTI->IMR |= 1 << pGPIOHandle->GPIO_PinConfig.GPIO_PinNumber;
      |   ^~~~
../drivers/src/stm32f4xx_spi_driver.c:104:46: error: 'SPI_CR1_SSM' undeclared (first use in this function)
  104 |  tempreg |= pSPIHandle->SPIConfig.SPI_SSM << SPI_CR1_SSM;
      |                                              ^~~~~~~~~~~
../drivers/src/stm32f4xx_gpio_driver.c:126:11: warning: variable 'temp1' set but not used [-Wunused-but-set-variable]
  126 |   uint8_t temp1 = pGPIOHandle->GPIO_PinConfig.GPIO_PinNumber / 4 ;
      |           ^~~~~
../drivers/src/stm32f4xx_gpio_driver.c: In function 'GPIO_DeInit':
../drivers/src/stm32f4xx_gpio_driver.c:185:3: warning: implicit declaration of function 'GPIOA_REG_RESET'; did you mean 'GPIO_PIN_RESET'? [-Wimplicit-function-declaration]
  185 |   GPIOA_REG_RESET();
      |   ^~~~~~~~~~~~~~~
      |   GPIO_PIN_RESET
../drivers/src/stm32f4xx_gpio_driver.c:188:3: warning: implicit declaration of function 'GPIOB_REG_RESET'; did you mean 'GPIO_PIN_RESET'? [-Wimplicit-function-declaration]
  188 |   GPIOB_REG_RESET();
      |   ^~~~~~~~~~~~~~~
      |   GPIO_PIN_RESET
../drivers/src/stm32f4xx_gpio_driver.c:191:3: warning: implicit declaration of function 'GPIOC_REG_RESET'; did you mean 'GPIO_PIN_RESET'? [-Wimplicit-function-declaration]
  191 |   GPIOC_REG_RESET();
      |   ^~~~~~~~~~~~~~~
      |   GPIO_PIN_RESET
../drivers/src/stm32f4xx_gpio_driver.c:194:3: warning: implicit declaration of function 'GPIOD_REG_RESET'; did you mean 'GPIO_PIN_RESET'? [-Wimplicit-function-declaration]
  194 |   GPIOD_REG_RESET();
      |   ^~~~~~~~~~~~~~~
      |   GPIO_PIN_RESET
../drivers/src/stm32f4xx_gpio_driver.c:197:3: warning: implicit declaration of function 'GPIOE_REG_RESET'; did you mean 'GPIO_PIN_RESET'? [-Wimplicit-function-declaration]
  197 |   GPIOE_REG_RESET();
      |   ^~~~~~~~~~~~~~~
      |   GPIO_PIN_RESET
../drivers/src/stm32f4xx_gpio_driver.c:200:3: warning: implicit declaration of function 'GPIOF_REG_RESET'; did you mean 'GPIO_PIN_RESET'? [-Wimplicit-function-declaration]
  200 |   GPIOF_REG_RESET();
      |   ^~~~~~~~~~~~~~~
      |   GPIO_PIN_RESET
../drivers/src/stm32f4xx_gpio_driver.c:203:3: warning: implicit declaration of function 'GPIOG_REG_RESET'; did you mean 'GPIO_PIN_RESET'? [-Wimplicit-function-declaration]
  203 |   GPIOG_REG_RESET();
      |   ^~~~~~~~~~~~~~~
      |   GPIO_PIN_RESET
../drivers/src/stm32f4xx_gpio_driver.c:206:3: warning: implicit declaration of function 'GPIOH_REG_RESET'; did you mean 'GPIO_PIN_RESET'? [-Wimplicit-function-declaration]
  206 |   GPIOH_REG_RESET();
      |   ^~~~~~~~~~~~~~~
      |   GPIO_PIN_RESET
../drivers/src/stm32f4xx_gpio_driver.c:209:3: warning: implicit declaration of function 'GPIOI_REG_RESET'; did you mean 'GPIO_PIN_RESET'? [-Wimplicit-function-declaration]
  209 |   GPIOI_REG_RESET();
      |   ^~~~~~~~~~~~~~~
      |   GPIO_PIN_RESET
../drivers/src/stm32f4xx_gpio_driver.c: In function 'GPIO_IRQInterruptConfig':
../drivers/src/stm32f4xx_gpio_driver.c:356:5: error: 'NVIC_ISER0' undeclared (first use in this function)
  356 |    *NVIC_ISER0 |= ( 1 << IRQNumber );
      |     ^~~~~~~~~~
../drivers/src/stm32f4xx_spi_driver.c:106:19: error: request for member 'CR1' in something not a structure or union
  106 |  pSPIHandle->pSPIx->CR1 = tempreg;
      |                   ^~
../drivers/src/stm32f4xx_gpio_driver.c:361:5: error: 'NVIC_ISER1' undeclared (first use in this function)
  361 |    *NVIC_ISER1 |= ( 1 << (IRQNumber % 32) );
      |     ^~~~~~~~~~
../drivers/src/stm32f4xx_spi_driver.c: At top level:
../drivers/src/stm32f4xx_spi_driver.c:123:17: error: unknown type name 'SPI_RegDef_t'; did you mean 'GPIO_RegDef_t'?
  123 | void SPI_DeInit(SPI_RegDef_t *pSPIx) {
      |                 ^~~~~~~~~~~~
      |                 GPIO_RegDef_t
../drivers/src/stm32f4xx_gpio_driver.c:366:5: error: 'NVIC_ISER2' undeclared (first use in this function)
  366 |    *NVIC_ISER2 |= ( 1 << (IRQNumber % 64) );
      |     ^~~~~~~~~~
../drivers/src/stm32f4xx_spi_driver.c:127:27: error: unknown type name 'SPI_RegDef_t'; did you mean 'GPIO_RegDef_t'?
  127 | uint8_t SPI_GetFlagStatus(SPI_RegDef_t *pSPIx , uint32_t FlagName) {
      |                           ^~~~~~~~~~~~
      |                           GPIO_RegDef_t
../drivers/src/stm32f4xx_gpio_driver.c:373:5: error: 'NVIC_ICER0' undeclared (first use in this function)
  373 |    *NVIC_ICER0 |= ( 1 << IRQNumber );
      |     ^~~~~~~~~~
../drivers/src/stm32f4xx_spi_driver.c:149:19: error: unknown type name 'SPI_RegDef_t'; did you mean 'GPIO_RegDef_t'?
  149 | void SPI_SendData(SPI_RegDef_t *pSPIx,uint8_t *pTxBuffer, uint32_t Len) {
      |                   ^~~~~~~~~~~~
      |                   GPIO_RegDef_t
../drivers/src/stm32f4xx_spi_driver.c:189:22: error: unknown type name 'SPI_RegDef_t'; did you mean 'GPIO_RegDef_t'?
  189 | void SPI_ReceiveData(SPI_RegDef_t *pSPIx, uint8_t *pRxBuffer, uint32_t Len) {
      |                      ^~~~~~~~~~~~
      |                      GPIO_RegDef_t
../drivers/src/stm32f4xx_gpio_driver.c:377:5: error: 'NVIC_ICER1' undeclared (first use in this function)
  377 |    *NVIC_ICER1 |= ( 1 << (IRQNumber % 32) );
      |     ^~~~~~~~~~
../drivers/src/stm32f4xx_spi_driver.c:228:28: error: unknown type name 'SPI_RegDef_t'; did you mean 'GPIO_RegDef_t'?
  228 | void SPI_PeripheralControl(SPI_RegDef_t *pSPIx, uint8_t EnOrDi) {
      |                            ^~~~~~~~~~~~
      |                            GPIO_RegDef_t
../drivers/src/stm32f4xx_spi_driver.c:250:21: error: unknown type name 'SPI_RegDef_t'; did you mean 'GPIO_RegDef_t'?
  250 | void  SPI_SSIConfig(SPI_RegDef_t *pSPIx, uint8_t EnOrDi) {
      |                     ^~~~~~~~~~~~
      |                     GPIO_RegDef_t
../drivers/src/stm32f4xx_spi_driver.c:272:22: error: unknown type name 'SPI_RegDef_t'; did you mean 'GPIO_RegDef_t'?
  272 | void  SPI_SSOEConfig(SPI_RegDef_t *pSPIx, uint8_t EnOrDi) {
      |                      ^~~~~~~~~~~~
      |                      GPIO_RegDef_t
../drivers/src/stm32f4xx_spi_driver.c: In function 'SPI_IRQInterruptConfig':
../drivers/src/stm32f4xx_spi_driver.c:298:5: error: 'NVIC_ISER0' undeclared (first use in this function)
  298 |    *NVIC_ISER0 |= ( 1 << IRQNumber );
      |     ^~~~~~~~~~
../drivers/src/stm32f4xx_spi_driver.c:302:5: error: 'NVIC_ISER1' undeclared (first use in this function)
  302 |    *NVIC_ISER1 |= ( 1 << (IRQNumber % 32) );
      |     ^~~~~~~~~~
../drivers/src/stm32f4xx_gpio_driver.c:382:5: error: 'NVIC_ICER2' undeclared (first use in this function)
  382 |    *NVIC_ICER2 |= ( 1 << (IRQNumber % 64) );
      |     ^~~~~~~~~~
../drivers/src/stm32f4xx_spi_driver.c:306:5: error: 'NVIC_ISER3' undeclared (first use in this function)
  306 |    *NVIC_ISER3 |= ( 1 << (IRQNumber % 64) );
      |     ^~~~~~~~~~
../drivers/src/stm32f4xx_spi_driver.c:311:5: error: 'NVIC_ICER0' undeclared (first use in this function)
  311 |    *NVIC_ICER0 |= ( 1 << IRQNumber );
      |     ^~~~~~~~~~
../drivers/src/stm32f4xx_gpio_driver.c: In function 'GPIO_IRQPriorityConfig':
../drivers/src/stm32f4xx_gpio_driver.c:410:53: error: 'NO_PR_BITS_IMPLEMENTED' undeclared (first use in this function)
  410 |  uint8_t shift_amount = ( 8 * iprx_section) + ( 8 - NO_PR_BITS_IMPLEMENTED) ;
      |                                                     ^~~~~~~~~~~~~~~~~~~~~~
../drivers/src/stm32f4xx_spi_driver.c:314:5: error: 'NVIC_ICER1' undeclared (first use in this function)
  314 |    *NVIC_ICER1 |= ( 1 << (IRQNumber % 32) );
      |     ^~~~~~~~~~
../drivers/src/stm32f4xx_gpio_driver.c:412:6: error: 'NVIC_PR_BASE_ADDR' undeclared (first use in this function)
  412 |  *(  NVIC_PR_BASE_ADDR + iprx ) |=  ( IRQPriority << shift_amount );
      |      ^~~~~~~~~~~~~~~~~
../drivers/src/stm32f4xx_spi_driver.c:318:5: error: 'NVIC_ICER3' undeclared (first use in this function)
  318 |    *NVIC_ICER3 |= ( 1 << (IRQNumber % 64) );
      |     ^~~~~~~~~~
In file included from D:/Main_Files/TEST-STM/_0-stm32f4xx_drivers/drivers/inc/stm32f4xx_gpio_driver.h:11,
                 from ../drivers/src/stm32f4xx_gpio_driver.c:9:
../drivers/src/stm32f4xx_gpio_driver.c: In function 'GPIO_IRQHandling':
D:/Main_Files/TEST-STM/_0-stm32f4xx_drivers/drivers/inc/stm32f4xx.h:149:19: error: 'EXTI_RegDef_t' undeclared (first use in this function); did you mean 'RCC_RegDef_t'?
  149 | #define EXTI    ((EXTI_RegDef_t*)EXTI_BASEADDR)
      |                   ^~~~~~~~~~~~~
../drivers/src/stm32f4xx_gpio_driver.c:432:5: note: in expansion of macro 'EXTI'
  432 |  if(EXTI->PR & ( 1 << PinNumber))
      |     ^~~~
../drivers/src/stm32f4xx_spi_driver.c: In function 'SPI_IRQPriorityConfig':
../drivers/src/stm32f4xx_spi_driver.c:342:53: error: 'NO_PR_BITS_IMPLEMENTED' undeclared (first use in this function)
  342 |  uint8_t shift_amount = ( 8 * iprx_section) + ( 8 - NO_PR_BITS_IMPLEMENTED) ;
      |                                                     ^~~~~~~~~~~~~~~~~~~~~~
D:/Main_Files/TEST-STM/_0-stm32f4xx_drivers/drivers/inc/stm32f4xx.h:149:33: error: expected expression before ')' token
  149 | #define EXTI    ((EXTI_RegDef_t*)EXTI_BASEADDR)
      |                                 ^
../drivers/src/stm32f4xx_gpio_driver.c:432:5: note: in expansion of macro 'EXTI'
  432 |  if(EXTI->PR & ( 1 << PinNumber))
      |     ^~~~
../drivers/src/stm32f4xx_spi_driver.c:344:6: error: 'NVIC_PR_BASE_ADDR' undeclared (first use in this function)
  344 |  *(  NVIC_PR_BASE_ADDR + iprx ) |=  ( IRQPriority << shift_amount );
      |      ^~~~~~~~~~~~~~~~~
../drivers/src/stm32f4xx_spi_driver.c: In function 'SPI_SendDataIT':
../drivers/src/stm32f4xx_spi_driver.c:361:20: error: request for member 'CR2' in something not a structure or union
  361 |   pSPIHandle->pSPIx->CR2 |= ( 1 << SPI_CR2_TXEIE );
      |                    ^~
../drivers/src/stm32f4xx_spi_driver.c:361:36: error: 'SPI_CR2_TXEIE' undeclared (first use in this function)
  361 |   pSPIHandle->pSPIx->CR2 |= ( 1 << SPI_CR2_TXEIE );
      |                                    ^~~~~~~~~~~~~
../drivers/src/stm32f4xx_spi_driver.c: In function 'SPI_ReceiveDataIT':
../drivers/src/stm32f4xx_spi_driver.c:379:20: error: request for member 'CR2' in something not a structure or union
  379 |   pSPIHandle->pSPIx->CR2 |= ( 1 << SPI_CR2_RXNEIE );
      |                    ^~
../drivers/src/stm32f4xx_spi_driver.c:379:36: error: 'SPI_CR2_RXNEIE' undeclared (first use in this function)
  379 |   pSPIHandle->pSPIx->CR2 |= ( 1 << SPI_CR2_RXNEIE );
      |                                    ^~~~~~~~~~~~~~
../drivers/src/stm32f4xx_spi_driver.c: In function 'SPI_IRQHandling':
../drivers/src/stm32f4xx_spi_driver.c:388:24: error: request for member 'SR' in something not a structure or union
  388 |  temp1 = pHandle->pSPIx->SR & ( 1 << SPI_SR_TXE);
      |                        ^~
../drivers/src/stm32f4xx_spi_driver.c:388:38: error: 'SPI_SR_TXE' undeclared (first use in this function)
  388 |  temp1 = pHandle->pSPIx->SR & ( 1 << SPI_SR_TXE);
      |                                      ^~~~~~~~~~
../drivers/src/stm32f4xx_spi_driver.c:389:24: error: request for member 'CR2' in something not a structure or union
  389 |  temp2 = pHandle->pSPIx->CR2 & ( 1 << SPI_CR2_TXEIE);
      |                        ^~
../drivers/src/stm32f4xx_spi_driver.c:389:39: error: 'SPI_CR2_TXEIE' undeclared (first use in this function)
  389 |  temp2 = pHandle->pSPIx->CR2 & ( 1 << SPI_CR2_TXEIE);
      |                                       ^~~~~~~~~~~~~
../drivers/src/stm32f4xx_spi_driver.c:397:24: error: request for member 'SR' in something not a structure or union
  397 |  temp1 = pHandle->pSPIx->SR & ( 1 << SPI_SR_RXNE);
      |                        ^~
../drivers/src/stm32f4xx_spi_driver.c:397:38: error: 'SPI_SR_RXNE' undeclared (first use in this function)
  397 |  temp1 = pHandle->pSPIx->SR & ( 1 << SPI_SR_RXNE);
      |                                      ^~~~~~~~~~~
../drivers/src/stm32f4xx_spi_driver.c:398:24: error: request for member 'CR2' in something not a structure or union
  398 |  temp2 = pHandle->pSPIx->CR2 & ( 1 << SPI_CR2_RXNEIE);
      |                        ^~
../drivers/src/stm32f4xx_spi_driver.c:398:39: error: 'SPI_CR2_RXNEIE' undeclared (first use in this function)
  398 |  temp2 = pHandle->pSPIx->CR2 & ( 1 << SPI_CR2_RXNEIE);
      |                                       ^~~~~~~~~~~~~~
../drivers/src/stm32f4xx_spi_driver.c:406:24: error: request for member 'SR' in something not a structure or union
  406 |  temp1 = pHandle->pSPIx->SR & ( 1 << SPI_SR_OVR);
      |                        ^~
../drivers/src/stm32f4xx_spi_driver.c:406:38: error: 'SPI_SR_OVR' undeclared (first use in this function)
  406 |  temp1 = pHandle->pSPIx->SR & ( 1 << SPI_SR_OVR);
      |                                      ^~~~~~~~~~
../drivers/src/stm32f4xx_spi_driver.c:407:24: error: request for member 'CR2' in something not a structure or union
  407 |  temp2 = pHandle->pSPIx->CR2 & ( 1 << SPI_CR2_ERRIE);
      |                        ^~
../drivers/src/stm32f4xx_spi_driver.c:407:39: error: 'SPI_CR2_ERRIE' undeclared (first use in this function)
  407 |  temp2 = pHandle->pSPIx->CR2 & ( 1 << SPI_CR2_ERRIE);
      |                                       ^~~~~~~~~~~~~
../drivers/src/stm32f4xx_spi_driver.c: In function 'spi_txe_interrupt_handle':
../drivers/src/stm32f4xx_spi_driver.c:418:24: error: request for member 'CR1' in something not a structure or union
  418 |  if( (pSPIHandle->pSPIx->CR1 & ( 1 << SPI_CR1_DFF) ) ){
      |                        ^~
../drivers/src/stm32f4xx_spi_driver.c:418:39: error: 'SPI_CR1_DFF' undeclared (first use in this function)
  418 |  if( (pSPIHandle->pSPIx->CR1 & ( 1 << SPI_CR1_DFF) ) ){
      |                                       ^~~~~~~~~~~
../drivers/src/stm32f4xx_spi_driver.c:421:20: error: request for member 'DR' in something not a structure or union
  421 |   pSPIHandle->pSPIx->DR =   *((uint16_t*)pSPIHandle->pTxBuffer);
      |                    ^~
../drivers/src/stm32f4xx_spi_driver.c:427:20: error: request for member 'DR' in something not a structure or union
  427 |   pSPIHandle->pSPIx->DR =   *pSPIHandle->pTxBuffer;
      |                    ^~
../drivers/src/stm32f4xx_spi_driver.c: In function 'spi_rxne_interrupt_handle':
../drivers/src/stm32f4xx_spi_driver.c:444:22: error: request for member 'CR1' in something not a structure or union
  444 |  if(pSPIHandle->pSPIx->CR1 & ( 1 << 11)){
      |                      ^~
../drivers/src/stm32f4xx_spi_driver.c:446:69: error: request for member 'DR' in something not a structure or union
  446 |   *((uint16_t*)pSPIHandle->pRxBuffer) = (uint16_t) pSPIHandle->pSPIx->DR;
      |                                                                     ^~
../drivers/src/stm32f4xx_spi_driver.c:453:57: error: request for member 'DR' in something not a structure or union
  453 |   *(pSPIHandle->pRxBuffer) = (uint8_t) pSPIHandle->pSPIx->DR;
      |                                                         ^~
../drivers/src/stm32f4xx_spi_driver.c: In function 'spi_ovr_err_interrupt_handle':
../drivers/src/stm32f4xx_spi_driver.c:469:27: error: request for member 'DR' in something not a structure or union
  469 |   temp = pSPIHandle->pSPIx->DR;
      |                           ^~
../drivers/src/stm32f4xx_spi_driver.c:470:27: error: request for member 'SR' in something not a structure or union
  470 |   temp = pSPIHandle->pSPIx->SR;
      |                           ^~
../drivers/src/stm32f4xx_spi_driver.c: In function 'SPI_CloseTransmisson':
../drivers/src/stm32f4xx_spi_driver.c:478:19: error: request for member 'CR2' in something not a structure or union
  478 |  pSPIHandle->pSPIx->CR2 &= ~( 1 << SPI_CR2_TXEIE);
      |                   ^~
../drivers/src/stm32f4xx_spi_driver.c:478:36: error: 'SPI_CR2_TXEIE' undeclared (first use in this function)
  478 |  pSPIHandle->pSPIx->CR2 &= ~( 1 << SPI_CR2_TXEIE);
      |                                    ^~~~~~~~~~~~~
../drivers/src/stm32f4xx_spi_driver.c:479:26: error: 'NULL' undeclared (first use in this function)
  479 |  pSPIHandle->pTxBuffer = NULL;
      |                          ^~~~
../drivers/src/stm32f4xx_spi_driver.c:9:1: note: 'NULL' is defined in header '<stddef.h>'; did you forget to '#include <stddef.h>'?
    8 | #include "stm32f4xx_spi_driver.h"
  +++ |+#include <stddef.h>
    9 | 
../drivers/src/stm32f4xx_spi_driver.c: In function 'SPI_CloseReception':
D:/Main_Files/TEST-STM/_0-stm32f4xx_drivers/drivers/inc/stm32f4xx.h:149:33: error: expected expression before ')' token
  149 | #define EXTI    ((EXTI_RegDef_t*)EXTI_BASEADDR)
      |                                 ^
../drivers/src/stm32f4xx_gpio_driver.c:435:3: note: in expansion of macro 'EXTI'
  435 |   EXTI->PR |= ( 1 << PinNumber);
      |   ^~~~
../drivers/src/stm32f4xx_spi_driver.c:486:19: error: request for member 'CR2' in something not a structure or union
  486 |  pSPIHandle->pSPIx->CR2 &= ~( 1 << SPI_CR2_RXNEIE);
      |                   ^~
../drivers/src/stm32f4xx_spi_driver.c:486:36: error: 'SPI_CR2_RXNEIE' undeclared (first use in this function)
  486 |  pSPIHandle->pSPIx->CR2 &= ~( 1 << SPI_CR2_RXNEIE);
      |                                    ^~~~~~~~~~~~~~
../drivers/src/stm32f4xx_spi_driver.c:487:26: error: 'NULL' undeclared (first use in this function)
  487 |  pSPIHandle->pRxBuffer = NULL;
      |                          ^~~~
../drivers/src/stm32f4xx_spi_driver.c:487:26: note: 'NULL' is defined in header '<stddef.h>'; did you forget to '#include <stddef.h>'?
../drivers/src/stm32f4xx_spi_driver.c: At top level:
../drivers/src/stm32f4xx_spi_driver.c:493:23: error: unknown type name 'SPI_RegDef_t'; did you mean 'GPIO_RegDef_t'?
  493 | void SPI_ClearOVRFlag(SPI_RegDef_t *pSPIx){
      |                       ^~~~~~~~~~~~
      |                       GPIO_RegDef_t
../drivers/src/stm32f4xx_spi_driver.c:501:7: error: expected ';' before 'void'
  501 | __weak void SPI_ApplicationEventCallback(SPI_Handle_t *pSPIHandle,uint8_t AppEv){
      |       ^~~~~
      |       ;
make: *** [drivers/src/subdir.mk:22: drivers/src/stm32f4xx_gpio_driver.o] Error 1
make: *** Waiting for unfinished jobs....
make: *** [drivers/src/subdir.mk:22: drivers/src/stm32f4xx_spi_driver.o] Error 1
"make -j4 all" terminated with exit code 2. Build might be incomplete.
